<?xml version="1.0" encoding="utf-8"?><testsuites name="pytest tests"><testsuite name="pytest" errors="0" failures="0" skipped="0" tests="22" time="8.281" timestamp="2026-05-02T06:36:30.244791+00:00" hostname="agent-env-d242dff1-fb21-4c00-a1b5-f5b69188b4e8"><testcase classname="backend.tests.test_focusguard_backend.TestHealth" name="test_root" time="0.151" /><testcase classname="backend.tests.test_focusguard_backend.TestAuth" name="test_register_returns_user_and_sets_cookies" time="0.348" /><testcase classname="backend.tests.test_focusguard_backend.TestAuth" name="test_register_default_settings_created" time="0.052" /><testcase classname="backend.tests.test_focusguard_backend.TestAuth" name="test_admin_login_success" time="0.411" /><testcase classname="backend.tests.test_focusguard_backend.TestAuth" name="test_login_bad_password" time="0.323" /><testcase classname="backend.tests.test_focusguard_backend.TestAuth" name="test_me_without_cookie" time="0.144" /><testcase classname="backend.tests.test_focusguard_backend.TestAuth" name="test_logout_clears_cookies" time="0.381" /><testcase classname="backend.tests.test_focusguard_backend.TestAuth" name="test_refresh_issues_new_access_token" time="0.372" /><testcase classname="backend.tests.test_focusguard_backend.TestAuth" name="test_bcrypt_hash_format" time="0.330" /><testcase classname="backend.tests.test_focusguard_backend.TestSessions" name="test_create_session" time="0.051" /><testcase classname="backend.tests.test_focusguard_backend.TestSessions" name="test_list_sessions" time="0.110" /><testcase classname="backend.tests.test_focusguard_backend.TestSessions" name="test_sessions_stats" time="0.053" /><testcase classname="backend.tests.test_focusguard_backend.TestSessions" name="test_sessions_unauthenticated" time="0.099" /><testcase classname="backend.tests.test_focusguard_backend.TestSettings" name="test_get_settings_defaults" time="0.053" /><testcase classname="backend.tests.test_focusguard_backend.TestSettings" name="test_update_settings" time="0.104" /><testcase classname="backend.tests.test_focusguard_backend.TestSettings" name="test_test_webhook_no_url" time="0.376" /><testcase classname="backend.tests.test_focusguard_backend.TestAI" name="test_ai_recommendations" time="4.504" /><testcase classname="backend.tests.test_focusguard_backend.TestAdmin" name="test_admin_users" time="0.049" /><testcase classname="backend.tests.test_focusguard_backend.TestAdmin" name="test_admin_sessions" time="0.045" /><testcase classname="backend.tests.test_focusguard_backend.TestAdmin" name="test_admin_health" time="0.047" /><testcase classname="backend.tests.test_focusguard_backend.TestAdmin" name="test_admin_n8n_status" time="0.047" /><testcase classname="backend.tests.test_focusguard_backend.TestAdmin" name="test_non_admin_forbidden" time="0.051" /></testsuite></testsuites>